<?xml version="1.0" encoding="UTF-8"?>
<!-- Generated by org.testng.reporters.JUnitReportReporter -->
<testsuite hostname="Vallivedu-Laptop" failures="0" tests="1" name="exceldata" time="0.387" errors="0" timestamp="2022-09-14T15:24:56 IST" skipped="0">
  <testcase classname="exceldata" name="excel" time="0.387"/>
  <system-out/>
</testsuite> <!-- exceldata -->
