<?xml version="1.0" encoding="UTF-8"?>
<!-- Generated by org.testng.reporters.JUnitReportReporter -->
<testsuite hostname="Vallivedu-Laptop" failures="0" tests="1" name="TestCases.Post_login_unsuccess_Td014" time="1.100" errors="0" timestamp="2022-09-19T16:21:24 IST" skipped="0">
  <testcase classname="TestCases.Post_login_unsuccess_Td014" name="Td014" time="1.100"/>
  <system-out/>
</testsuite> <!-- TestCases.Post_login_unsuccess_Td014 -->
