<?xml version="1.0" encoding="UTF-8"?>
<!-- Generated by org.testng.reporters.JUnitReportReporter -->
<testsuite hostname="Vallivedu-Laptop" failures="0" tests="1" name="TestCases.Patch_invalid" time="1.016" errors="0" timestamp="2022-09-19T16:21:24 IST" skipped="0">
  <testcase classname="TestCases.Patch_invalid" name="patch_invalid" time="1.016"/>
  <system-out/>
</testsuite> <!-- TestCases.Patch_invalid -->
