<?xml version="1.0" encoding="UTF-8"?>
<!-- Generated by org.testng.reporters.JUnitReportReporter -->
<testsuite hostname="Vallivedu-Laptop" failures="0" tests="1" name="TestCases.register_success" time="0.474" errors="0" timestamp="2022-09-13T09:59:38 IST" skipped="0">
  <testcase classname="TestCases.register_success" name="POST" time="0.474"/>
  <system-out/>
</testsuite> <!-- TestCases.register_success -->
