<?xml version="1.0" encoding="UTF-8"?>
<!-- Generated by org.testng.reporters.JUnitReportReporter -->
<testsuite hostname="Vallivedu-Laptop" failures="0" tests="1" name="TestCases.Get_single_resource" time="0.623" errors="0" timestamp="2022-09-15T18:32:47 IST" skipped="0">
  <testcase classname="TestCases.Get_single_resource" name="GET" time="0.623"/>
  <system-out/>
</testsuite> <!-- TestCases.Get_single_resource -->
