<?xml version="1.0" encoding="UTF-8"?>
<!-- Generated by org.testng.reporters.JUnitReportReporter -->
<testsuite hostname="Vallivedu-Laptop" failures="0" tests="1" name="TestCases.Get_single_resource_notfound" time="0.912" errors="0" timestamp="2022-09-19T16:21:24 IST" skipped="0">
  <testcase classname="TestCases.Get_single_resource_notfound" name="GET" time="0.912"/>
  <system-out/>
</testsuite> <!-- TestCases.Get_single_resource_notfound -->
