<?xml version="1.0" encoding="UTF-8"?>
<!-- Generated by org.testng.reporters.JUnitReportReporter -->
<testsuite hostname="Vallivedu-Laptop" failures="0" tests="1" name="TestCases.create_post" time="1.720" errors="0" timestamp="2022-09-13T09:59:38 IST" skipped="0">
  <testcase classname="TestCases.create_post" name="POST" time="1.720"/>
  <system-out/>
</testsuite> <!-- TestCases.create_post -->
