<?xml version="1.0" encoding="UTF-8"?>
<!-- Generated by org.testng.reporters.JUnitReportReporter -->
<testsuite hostname="Vallivedu-Laptop" failures="0" tests="1" name="TestCases.Put_update_user_Patch" time="1.110" errors="0" timestamp="2022-09-19T16:21:24 IST" skipped="0">
  <testcase classname="TestCases.Put_update_user_Patch" name="PUT" time="1.110"/>
  <system-out/>
</testsuite> <!-- TestCases.Put_update_user_Patch -->
