<?xml version="1.0" encoding="UTF-8"?>
<!-- Generated by org.testng.reporters.JUnitReportReporter -->
<testsuite hostname="Vallivedu-Laptop" failures="0" tests="1" name="TestCases.put_update_user" time="0.552" errors="0" timestamp="2022-09-13T09:59:38 IST" skipped="0">
  <testcase classname="TestCases.put_update_user" name="PUT" time="0.552"/>
  <system-out/>
</testsuite> <!-- TestCases.put_update_user -->
