<?xml version="1.0" encoding="UTF-8"?>
<!-- Generated by org.testng.reporters.JUnitReportReporter -->
<testsuite hostname="Vallivedu-Laptop" failures="0" tests="1" name="TestCases.Delete_user" time="1.339" errors="0" timestamp="2022-09-15T18:32:47 IST" skipped="0">
  <testcase classname="TestCases.Delete_user" name="delete" time="1.339"/>
  <system-out/>
</testsuite> <!-- TestCases.Delete_user -->
