<?xml version="1.0" encoding="UTF-8"?>
<!-- Generated by org.testng.reporters.JUnitReportReporter -->
<testsuite hostname="Vallivedu-Laptop" failures="0" tests="1" name="TestCases.Post_register_success" time="1.110" errors="0" timestamp="2022-09-15T18:32:47 IST" skipped="0">
  <testcase classname="TestCases.Post_register_success" name="POST" time="1.110"/>
  <system-out/>
</testsuite> <!-- TestCases.Post_register_success -->
