<?xml version="1.0" encoding="UTF-8"?>
<!-- Generated by org.testng.reporters.JUnitReportReporter -->
<testsuite hostname="Vallivedu-Laptop" failures="0" tests="1" name="TestCases.Delete_user" time="0.980" errors="0" timestamp="2022-09-19T16:21:24 IST" skipped="0">
  <testcase classname="TestCases.Delete_user" name="delete" time="0.980"/>
  <system-out/>
</testsuite> <!-- TestCases.Delete_user -->
