<?xml version="1.0" encoding="UTF-8"?>
<!-- Generated by org.testng.reporters.JUnitReportReporter -->
<testsuite hostname="Vallivedu-Laptop" failures="0" tests="1" name="TestCases.login_unsuccess" time="0.438" errors="0" timestamp="2022-09-13T09:59:38 IST" skipped="0">
  <testcase classname="TestCases.login_unsuccess" name="POST" time="0.438"/>
  <system-out/>
</testsuite> <!-- TestCases.login_unsuccess -->
