<?xml version="1.0" encoding="UTF-8"?>
<!-- Generated by org.testng.reporters.JUnitReportReporter -->
<testsuite hostname="Vallivedu-Laptop" failures="0" tests="1" name="TestCases.Get_list_users" time="1.065" errors="0" timestamp="2022-09-19T16:21:24 IST" skipped="0">
  <testcase classname="TestCases.Get_list_users" name="GET" time="1.065"/>
  <system-out/>
</testsuite> <!-- TestCases.Get_list_users -->
