<?xml version="1.0" encoding="UTF-8"?>
<!-- Generated by org.testng.reporters.JUnitReportReporter -->
<testsuite hostname="Vallivedu-Laptop" failures="0" tests="1" name="TestCases.Post_login_unsuccess" time="2.487" errors="0" timestamp="2022-09-15T18:32:47 IST" skipped="0">
  <testcase classname="TestCases.Post_login_unsuccess" name="POST" time="2.487"/>
  <system-out/>
</testsuite> <!-- TestCases.Post_login_unsuccess -->
